#
# There is insufficient memory for the Java Runtime Environment to continue.
# Native memory allocation (malloc) failed to allocate 1510896 bytes. Error detail: Chunk::new
# Possible reasons:
#   The system is out of physical RAM or swap space
#   This process is running with CompressedOops enabled, and the Java Heap may be blocking the growth of the native heap
# Possible solutions:
#   Reduce memory load on the system
#   Increase physical memory or swap space
#   Check if swap backing store is full
#   Decrease Java heap size (-Xmx/-Xms)
#   Decrease number of Java threads
#   Decrease Java thread stack sizes (-Xss)
#   Set larger code cache with -XX:ReservedCodeCacheSize=
#   JVM is running with Unscaled Compressed Oops mode in which the Java heap is
#     placed in the first 4GB address space. The Java Heap base address is the
#     maximum limit for the native heap growth. Please use -XX:HeapBaseMinAddress
#     to set the Java Heap base and to place the Java Heap above 4GB virtual address.
# This output file may be truncated or incomplete.
#
#  Out of Memory Error (arena.cpp:168), pid=24328, tid=29864
#
# JRE version: OpenJDK Runtime Environment Temurin-21.0.10+7 (21.0.10+7) (build 21.0.10+7-LTS)
# Java VM: OpenJDK 64-Bit Server VM Temurin-21.0.10+7 (21.0.10+7-LTS, mixed mode, sharing, tiered, compressed oops, compressed class ptrs, parallel gc, windows-amd64)
# No core dump will be written. Minidumps are not enabled by default on client versions of Windows
#

---------------  S U M M A R Y ------------

Command Line: --add-modules=ALL-SYSTEM --add-opens=java.base/java.util=ALL-UNNAMED --add-opens=java.base/java.lang=ALL-UNNAMED --add-opens=java.base/sun.nio.fs=ALL-UNNAMED -Declipse.application=org.eclipse.jdt.ls.core.id1 -Dosgi.bundles.defaultStartLevel=4 -Declipse.product=org.eclipse.jdt.ls.core.product -Djava.import.generatesMetadataFilesAtProjectRoot=false -DDetectVMInstallationsJob.disabled=true -Dfile.encoding=utf8 -XX:+UseParallelGC -XX:GCTimeRatio=4 -XX:AdaptiveSizePolicyWeight=90 -Dsun.zip.disableMemoryMapping=true -Xmx2G -Xms100m -Xlog:disable -javaagent:c:\Users\ASUS\.vscode\extensions\redhat.java-1.53.0-win32-x64\lombok\lombok-1.18.39-4050.jar c:\Users\ASUS\.vscode\extensions\redhat.java-1.53.0-win32-x64\server\plugins\org.eclipse.equinox.launcher_1.7.100.v20251111-0406.jar -configuration c:\Users\ASUS\AppData\Roaming\Code\User\globalStorage\redhat.java\1.53.0\config_ss_win -data c:\Users\ASUS\AppData\Roaming\Code\User\workspaceStorage\21a058d331209224de0717dc1930af0f\redhat.java\ss_ws --pipe=\\.\pipe\lsp-b75d2d95050618571d016c14b993d8fa-sock

Host: AMD Ryzen 5 7535HS with Radeon Graphics        , 12 cores, 15G,  Windows 11 , 64 bit Build 26100 (10.0.26100.7705)
Time: Tue Mar 24 22:51:57 2026 Sri Lanka Standard Time elapsed time: 3.639988 seconds (0d 0h 0m 3s)

---------------  T H R E A D  ---------------

Current thread (0x000001c762314050):  JavaThread "C2 CompilerThread1" daemon [_thread_in_native, id=29864, stack(0x00000010d3600000,0x00000010d3700000) (1024K)]


Current CompileTask:
C2:3640 2715       4       org.lombokweb.asm.ClassReader::readMethod (1070 bytes)

Stack: [0x00000010d3600000,0x00000010d3700000]
Native frames: (J=compiled Java code, j=interpreted, Vv=VM code, C=native code)
V  [jvm.dll+0x6d7a39]
V  [jvm.dll+0x8b4b26]
V  [jvm.dll+0x8b70de]
V  [jvm.dll+0x8b77c3]
V  [jvm.dll+0x284346]
V  [jvm.dll+0xc66ed]
V  [jvm.dll+0xc6c31]
V  [jvm.dll+0x3bec01]
V  [jvm.dll+0x1e3d62]
V  [jvm.dll+0x24c6b3]
V  [jvm.dll+0x24bb40]
V  [jvm.dll+0x1cb34e]
V  [jvm.dll+0x25b85d]
V  [jvm.dll+0x259dea]
V  [jvm.dll+0x3f857e]
V  [jvm.dll+0x85f59d]
V  [jvm.dll+0x6d626d]
C  [ucrtbase.dll+0x37b0]
C  [KERNEL32.DLL+0x2e8d7]
C  [ntdll.dll+0x8c40c]


---------------  P R O C E S S  ---------------

Threads class SMR info:
_java_thread_list=0x000001c768e518b0, length=21, elements={
0x000001c74a35cce0, 0x000001c760e0ddb0, 0x000001c74a405300, 0x000001c74a407c60,
0x000001c74a40a7d0, 0x000001c74a40c790, 0x000001c74a411780, 0x000001c74a415250,
0x000001c7621e8fc0, 0x000001c762314050, 0x000001c762392600, 0x000001c76255e930,
0x000001c76348d470, 0x000001c76348ad10, 0x000001c76348a680, 0x000001c76348ba30,
0x000001c76348b3a0, 0x000001c76348cde0, 0x000001c76348c750, 0x000001c76348c0c0,
0x000001c768e26970
}

Java Threads: ( => current thread )
  0x000001c74a35cce0 JavaThread "main"                              [_thread_blocked, id=24572, stack(0x00000010d2a00000,0x00000010d2b00000) (1024K)]
  0x000001c760e0ddb0 JavaThread "Reference Handler"          daemon [_thread_blocked, id=23544, stack(0x00000010d2e00000,0x00000010d2f00000) (1024K)]
  0x000001c74a405300 JavaThread "Finalizer"                  daemon [_thread_blocked, id=23808, stack(0x00000010d2f00000,0x00000010d3000000) (1024K)]
  0x000001c74a407c60 JavaThread "Signal Dispatcher"          daemon [_thread_blocked, id=26452, stack(0x00000010d3000000,0x00000010d3100000) (1024K)]
  0x000001c74a40a7d0 JavaThread "Attach Listener"            daemon [_thread_blocked, id=7500, stack(0x00000010d3100000,0x00000010d3200000) (1024K)]
  0x000001c74a40c790 JavaThread "Service Thread"             daemon [_thread_blocked, id=11352, stack(0x00000010d3200000,0x00000010d3300000) (1024K)]
  0x000001c74a411780 JavaThread "Monitor Deflation Thread"   daemon [_thread_blocked, id=6400, stack(0x00000010d3300000,0x00000010d3400000) (1024K)]
  0x000001c74a415250 JavaThread "C2 CompilerThread0"         daemon [_thread_in_native, id=27484, stack(0x00000010d3400000,0x00000010d3500000) (1024K)]
  0x000001c7621e8fc0 JavaThread "C1 CompilerThread0"         daemon [_thread_in_native, id=12468, stack(0x00000010d3500000,0x00000010d3600000) (1024K)]
=>0x000001c762314050 JavaThread "C2 CompilerThread1"         daemon [_thread_in_native, id=29864, stack(0x00000010d3600000,0x00000010d3700000) (1024K)]
  0x000001c762392600 JavaThread "Common-Cleaner"             daemon [_thread_blocked, id=13988, stack(0x00000010d3700000,0x00000010d3800000) (1024K)]
  0x000001c76255e930 JavaThread "Notification Thread"        daemon [_thread_blocked, id=28532, stack(0x00000010d3800000,0x00000010d3900000) (1024K)]
  0x000001c76348d470 JavaThread "Active Thread: Equinox Container: 0049d900-6d8d-4d9b-8687-abba428887bf"        [_thread_blocked, id=22396, stack(0x00000010d4000000,0x00000010d4100000) (1024K)]
  0x000001c76348ad10 JavaThread "Framework Event Dispatcher: Equinox Container: 0049d900-6d8d-4d9b-8687-abba428887bf" daemon [_thread_blocked, id=15288, stack(0x00000010d4100000,0x00000010d4200000) (1024K)]
  0x000001c76348a680 JavaThread "Start Level: Equinox Container: 0049d900-6d8d-4d9b-8687-abba428887bf" daemon [_thread_in_vm, id=18272, stack(0x00000010d4200000,0x00000010d4300000) (1024K)]
  0x000001c76348ba30 JavaThread "SCR Component Actor"        daemon [_thread_blocked, id=3860, stack(0x00000010d4400000,0x00000010d4500000) (1024K)]
  0x000001c76348b3a0 JavaThread "Worker-JM"                         [_thread_blocked, id=6800, stack(0x00000010d4500000,0x00000010d4600000) (1024K)]
  0x000001c76348cde0 JavaThread "JNA Cleaner"                daemon [_thread_blocked, id=28000, stack(0x00000010d4800000,0x00000010d4900000) (1024K)]
  0x000001c76348c750 JavaThread "Worker-0"                          [_thread_blocked, id=21024, stack(0x00000010d4900000,0x00000010d4a00000) (1024K)]
  0x000001c76348c0c0 JavaThread "Worker-1"                          [_thread_blocked, id=31036, stack(0x00000010d4a00000,0x00000010d4b00000) (1024K)]
  0x000001c768e26970 JavaThread "Java indexing"              daemon [_thread_blocked, id=19768, stack(0x00000010d3900000,0x00000010d3a00000) (1024K)]
Total: 21

Other Threads:
  0x000001c760df2b30 VMThread "VM Thread"                           [id=9096, stack(0x00000010d2d00000,0x00000010d2e00000) (1024K)]
  0x000001c760ceca00 WatcherThread "VM Periodic Task Thread"        [id=19340, stack(0x00000010d2c00000,0x00000010d2d00000) (1024K)]
  0x000001c74a37b340 WorkerThread "GC Thread#0"                     [id=25484, stack(0x00000010d2b00000,0x00000010d2c00000) (1024K)]
  0x000001c7638dbc90 WorkerThread "GC Thread#1"                     [id=20188, stack(0x00000010d3a00000,0x00000010d3b00000) (1024K)]
  0x000001c76325fd20 WorkerThread "GC Thread#2"                     [id=2988, stack(0x00000010d3b00000,0x00000010d3c00000) (1024K)]
  0x000001c7638e6590 WorkerThread "GC Thread#3"                     [id=10572, stack(0x00000010d3c00000,0x00000010d3d00000) (1024K)]
  0x000001c763415410 WorkerThread "GC Thread#4"                     [id=20200, stack(0x00000010d3d00000,0x00000010d3e00000) (1024K)]
  0x000001c7634157c0 WorkerThread "GC Thread#5"                     [id=13680, stack(0x00000010d3e00000,0x00000010d3f00000) (1024K)]
  0x000001c7632630b0 WorkerThread "GC Thread#6"                     [id=24632, stack(0x00000010d3f00000,0x00000010d4000000) (1024K)]
  0x000001c763263bc0 WorkerThread "GC Thread#7"                     [id=24200, stack(0x00000010d4300000,0x00000010d4400000) (1024K)]
  0x000001c7632625a0 WorkerThread "GC Thread#8"                     [id=15564, stack(0x00000010d4600000,0x00000010d4700000) (1024K)]
  0x000001c763262d00 WorkerThread "GC Thread#9"                     [id=12852, stack(0x00000010d4700000,0x00000010d4800000) (1024K)]
Total: 12

Threads with active compile tasks:
C2 CompilerThread0  3677 2866       4       java.util.regex.Matcher::search (154 bytes)
C1 CompilerThread0  3677 2923       3       sun.util.locale.LanguageTag::getExtlangs (24 bytes)
C2 CompilerThread1  3677 2715       4       org.lombokweb.asm.ClassReader::readMethod (1070 bytes)
Total: 3

VM state: not at safepoint (normal execution)

VM Mutex/Monitor currently owned by a thread:  ([mutex/lock_event])
[0x00007ffa55ccd060] MethodCompileQueue_lock - owner thread: 0x0000000000000000

Heap address: 0x0000000080000000, size: 2048 MB, Compressed Oops mode: 32-bit

CDS archive(s) mapped at: [0x000001c700000000-0x000001c700ba0000-0x000001c700ba0000), size 12189696, SharedBaseAddress: 0x000001c700000000, ArchiveRelocationMode: 1.
Compressed class space mapped at: 0x000001c701000000-0x000001c741000000, reserved size: 1073741824
Narrow klass base: 0x000001c700000000, Narrow klass shift: 0, Narrow klass range: 0x100000000

GC Precious Log:
 CardTable entry size: 512
 CPUs: 12 total, 12 available
 Memory: 15690M
 Large Page Support: Disabled
 NUMA Support: Disabled
 Compressed Oops: Enabled (32-bit)
 Alignments: Space 512K, Generation 512K, Heap 2M
 Heap Min Capacity: 100M
 Heap Initial Capacity: 100M
 Heap Max Capacity: 2G
 Pre-touch: Disabled
 Parallel Workers: 10

Heap:
 PSYoungGen      total 27648K, used 4327K [0x00000000d5580000, 0x00000000d7480000, 0x0000000100000000)
  eden space 24576K, 7% used [0x00000000d5580000,0x00000000d57378f8,0x00000000d6d80000)
  from space 3072K, 83% used [0x00000000d6e00000,0x00000000d70824c0,0x00000000d7100000)
  to   space 3584K, 0% used [0x00000000d7100000,0x00000000d7100000,0x00000000d7480000)
 ParOldGen       total 68608K, used 8947K [0x0000000080000000, 0x0000000084300000, 0x00000000d5580000)
  object space 68608K, 13% used [0x0000000080000000,0x00000000808bcd40,0x0000000084300000)
 Metaspace       used 23180K, committed 23872K, reserved 1114112K
  class space    used 2243K, committed 2560K, reserved 1048576K

Card table byte_map: [0x000001c749d00000,0x000001c74a110000] _byte_map_base: 0x000001c749900000

Marking Bits: (ParMarkBitMap*) 0x00007ffa55cd3450
 Begin Bits: [0x000001c75c810000, 0x000001c75e810000)
 End Bits:   [0x000001c75e810000, 0x000001c760810000)

Polling page: 0x000001c748200000

Metaspace:

Usage:
  Non-class:     20.45 MB used.
      Class:      2.19 MB used.
       Both:     22.64 MB used.

Virtual space:
  Non-class space:       64.00 MB reserved,      20.81 MB ( 33%) committed,  1 nodes.
      Class space:        1.00 GB reserved,       2.50 MB ( <1%) committed,  1 nodes.
             Both:        1.06 GB reserved,      23.31 MB (  2%) committed. 

Chunk freelists:
   Non-Class:  10.25 MB
       Class:  13.40 MB
        Both:  23.65 MB

MaxMetaspaceSize: unlimited
CompressedClassSpaceSize: 1.00 GB
Initial GC threshold: 21.00 MB
Current GC threshold: 35.00 MB
CDS: on
 - commit_granule_bytes: 65536.
 - commit_granule_words: 8192.
 - virtual_space_node_default_size: 8388608.
 - enlarge_chunks_in_place: 1.
 - use_allocation_guard: 0.


Internal statistics:

num_allocs_failed_limit: 3.
num_arena_births: 518.
num_arena_deaths: 14.
num_vsnodes_births: 2.
num_vsnodes_deaths: 0.
num_space_committed: 373.
num_space_uncommitted: 0.
num_chunks_returned_to_freelist: 17.
num_chunks_taken_from_freelist: 1391.
num_chunk_merges: 9.
num_chunk_splits: 909.
num_chunks_enlarged: 598.
num_inconsistent_stats: 0.

CodeHeap 'non-profiled nmethods': size=120000Kb used=1357Kb max_used=1357Kb free=118643Kb
 bounds [0x000001c755030000, 0x000001c7552a0000, 0x000001c75c560000]
CodeHeap 'profiled nmethods': size=120000Kb used=5703Kb max_used=5703Kb free=114296Kb
 bounds [0x000001c74d560000, 0x000001c74db00000, 0x000001c754a90000]
CodeHeap 'non-nmethods': size=5760Kb used=1321Kb max_used=1340Kb free=4438Kb
 bounds [0x000001c754a90000, 0x000001c754d00000, 0x000001c755030000]
CodeCache: size=245760Kb, used=8381Kb, max_used=8400Kb, free=237377Kb
 total_blobs=3518, nmethods=2911, adapters=513, full_count=0
Compilation: enabled, stopped_count=0, restarted_count=0

Compilation events (20 events):
Event: 2.625 Thread 0x000001c7621e8fc0 2847       3       java.lang.invoke.LambdaFormEditor$TransformKey::ival (25 bytes)
Event: 2.625 Thread 0x000001c7621e8fc0 nmethod 2847 0x000001c74dac9790 code [0x000001c74dac9920, 0x000001c74dac9a20]
Event: 2.634 Thread 0x000001c7621e8fc0 2848       1       org.eclipse.core.internal.resources.Resource::getFullPath (5 bytes)
Event: 2.634 Thread 0x000001c7621e8fc0 nmethod 2848 0x000001c75517b790 code [0x000001c75517b920, 0x000001c75517b9e8]
Event: 2.636 Thread 0x000001c7621e8fc0 2849       3       java.util.concurrent.locks.ReentrantLock$Sync::tryLockNanos (36 bytes)
Event: 2.636 Thread 0x000001c74a415250 nmethod 2809 0x000001c75517ba90 code [0x000001c75517bd20, 0x000001c75517ced0]
Event: 2.636 Thread 0x000001c7621e8fc0 nmethod 2849 0x000001c74dac9a90 code [0x000001c74dac9ca0, 0x000001c74daca240]
Event: 2.637 Thread 0x000001c74a415250 2840       4       java.util.Properties::loadConvert (540 bytes)
Event: 2.897 Thread 0x000001c7621e8fc0 2850       3       java.util.concurrent.Semaphore$NonfairSync::tryAcquireShared (6 bytes)
Event: 2.897 Thread 0x000001c7621e8fc0 nmethod 2850 0x000001c74daca410 code [0x000001c74daca5c0, 0x000001c74daca6f8]
Event: 2.897 Thread 0x000001c7621e8fc0 2851       3       java.util.concurrent.Semaphore$Sync::nonfairTryAcquireShared (27 bytes)
Event: 2.898 Thread 0x000001c7621e8fc0 nmethod 2851 0x000001c74daca790 code [0x000001c74daca940, 0x000001c74dacab90]
Event: 3.121 Thread 0x000001c7621e8fc0 2852       1       org.eclipse.core.internal.jobs.InternalJob::previous (5 bytes)
Event: 3.121 Thread 0x000001c7621e8fc0 nmethod 2852 0x000001c75517de90 code [0x000001c75517e020, 0x000001c75517e0e8]
Event: 3.172 Thread 0x000001c7621e8fc0 2853       3       jdk.internal.misc.Unsafe::weakCompareAndSetLong (11 bytes)
Event: 3.172 Thread 0x000001c7621e8fc0 nmethod 2853 0x000001c74dacac90 code [0x000001c74dacae20, 0x000001c74dacaf48]
Event: 3.172 Thread 0x000001c7621e8fc0 2854       1       java.util.concurrent.atomic.AtomicReference::set (6 bytes)
Event: 3.173 Thread 0x000001c7621e8fc0 nmethod 2854 0x000001c75517e190 code [0x000001c75517e320, 0x000001c75517e408]
Event: 3.173 Thread 0x000001c7621e8fc0 2855       3       java.util.HashMap::afterNodeRemoval (1 bytes)
Event: 3.173 Thread 0x000001c7621e8fc0 nmethod 2855 0x000001c74dacb010 code [0x000001c74dacb1a0, 0x000001c74dacb2a8]

GC Heap History (14 events):
Event: 0.629 GC heap before
{Heap before GC invocations=1 (full 0):
 PSYoungGen      total 29696K, used 25600K [0x00000000d5580000, 0x00000000d7680000, 0x0000000100000000)
  eden space 25600K, 100% used [0x00000000d5580000,0x00000000d6e80000,0x00000000d6e80000)
  from space 4096K, 0% used [0x00000000d7280000,0x00000000d7280000,0x00000000d7680000)
  to   space 4096K, 0% used [0x00000000d6e80000,0x00000000d6e80000,0x00000000d7280000)
 ParOldGen       total 68608K, used 0K [0x0000000080000000, 0x0000000084300000, 0x00000000d5580000)
  object space 68608K, 0% used [0x0000000080000000,0x0000000080000000,0x0000000084300000)
 Metaspace       used 4345K, committed 4608K, reserved 1114112K
  class space    used 474K, committed 576K, reserved 1048576K
}
Event: 0.634 GC heap after
{Heap after GC invocations=1 (full 0):
 PSYoungGen      total 29696K, used 3287K [0x00000000d5580000, 0x00000000d7680000, 0x0000000100000000)
  eden space 25600K, 0% used [0x00000000d5580000,0x00000000d5580000,0x00000000d6e80000)
  from space 4096K, 80% used [0x00000000d6e80000,0x00000000d71b5ea8,0x00000000d7280000)
  to   space 4096K, 0% used [0x00000000d7280000,0x00000000d7280000,0x00000000d7680000)
 ParOldGen       total 68608K, used 16K [0x0000000080000000, 0x0000000084300000, 0x00000000d5580000)
  object space 68608K, 0% used [0x0000000080000000,0x0000000080004000,0x0000000084300000)
 Metaspace       used 4345K, committed 4608K, reserved 1114112K
  class space    used 474K, committed 576K, reserved 1048576K
}
Event: 1.160 GC heap before
{Heap before GC invocations=2 (full 0):
 PSYoungGen      total 29696K, used 28887K [0x00000000d5580000, 0x00000000d7680000, 0x0000000100000000)
  eden space 25600K, 100% used [0x00000000d5580000,0x00000000d6e80000,0x00000000d6e80000)
  from space 4096K, 80% used [0x00000000d6e80000,0x00000000d71b5ea8,0x00000000d7280000)
  to   space 4096K, 0% used [0x00000000d7280000,0x00000000d7280000,0x00000000d7680000)
 ParOldGen       total 68608K, used 16K [0x0000000080000000, 0x0000000084300000, 0x00000000d5580000)
  object space 68608K, 0% used [0x0000000080000000,0x0000000080004000,0x0000000084300000)
 Metaspace       used 8168K, committed 8448K, reserved 1114112K
  class space    used 869K, committed 1024K, reserved 1048576K
}
Event: 1.164 GC heap after
{Heap after GC invocations=2 (full 0):
 PSYoungGen      total 29696K, used 4075K [0x00000000d5580000, 0x00000000d7680000, 0x0000000100000000)
  eden space 25600K, 0% used [0x00000000d5580000,0x00000000d5580000,0x00000000d6e80000)
  from space 4096K, 99% used [0x00000000d7280000,0x00000000d767aff8,0x00000000d7680000)
  to   space 4096K, 0% used [0x00000000d6e80000,0x00000000d6e80000,0x00000000d7280000)
 ParOldGen       total 68608K, used 1155K [0x0000000080000000, 0x0000000084300000, 0x00000000d5580000)
  object space 68608K, 1% used [0x0000000080000000,0x0000000080120ec8,0x0000000084300000)
 Metaspace       used 8168K, committed 8448K, reserved 1114112K
  class space    used 869K, committed 1024K, reserved 1048576K
}
Event: 1.581 GC heap before
{Heap before GC invocations=3 (full 0):
 PSYoungGen      total 29696K, used 29675K [0x00000000d5580000, 0x00000000d7680000, 0x0000000100000000)
  eden space 25600K, 100% used [0x00000000d5580000,0x00000000d6e80000,0x00000000d6e80000)
  from space 4096K, 99% used [0x00000000d7280000,0x00000000d767aff8,0x00000000d7680000)
  to   space 4096K, 0% used [0x00000000d6e80000,0x00000000d6e80000,0x00000000d7280000)
 ParOldGen       total 68608K, used 1155K [0x0000000080000000, 0x0000000084300000, 0x00000000d5580000)
  object space 68608K, 1% used [0x0000000080000000,0x0000000080120ec8,0x0000000084300000)
 Metaspace       used 13016K, committed 13568K, reserved 1114112K
  class space    used 1380K, committed 1664K, reserved 1048576K
}
Event: 1.585 GC heap after
{Heap after GC invocations=3 (full 0):
 PSYoungGen      total 29696K, used 4064K [0x00000000d5580000, 0x00000000d7680000, 0x0000000100000000)
  eden space 25600K, 0% used [0x00000000d5580000,0x00000000d5580000,0x00000000d6e80000)
  from space 4096K, 99% used [0x00000000d6e80000,0x00000000d72781a0,0x00000000d7280000)
  to   space 4096K, 0% used [0x00000000d7280000,0x00000000d7280000,0x00000000d7680000)
 ParOldGen       total 68608K, used 2844K [0x0000000080000000, 0x0000000084300000, 0x00000000d5580000)
  object space 68608K, 4% used [0x0000000080000000,0x00000000802c73c0,0x0000000084300000)
 Metaspace       used 13016K, committed 13568K, reserved 1114112K
  class space    used 1380K, committed 1664K, reserved 1048576K
}
Event: 2.013 GC heap before
{Heap before GC invocations=4 (full 0):
 PSYoungGen      total 29696K, used 29664K [0x00000000d5580000, 0x00000000d7680000, 0x0000000100000000)
  eden space 25600K, 100% used [0x00000000d5580000,0x00000000d6e80000,0x00000000d6e80000)
  from space 4096K, 99% used [0x00000000d6e80000,0x00000000d72781a0,0x00000000d7280000)
  to   space 4096K, 0% used [0x00000000d7280000,0x00000000d7280000,0x00000000d7680000)
 ParOldGen       total 68608K, used 2844K [0x0000000080000000, 0x0000000084300000, 0x00000000d5580000)
  object space 68608K, 4% used [0x0000000080000000,0x00000000802c73c0,0x0000000084300000)
 Metaspace       used 17209K, committed 17856K, reserved 1114112K
  class space    used 1807K, committed 2112K, reserved 1048576K
}
Event: 2.017 GC heap after
{Heap after GC invocations=4 (full 0):
 PSYoungGen      total 29696K, used 4065K [0x00000000d5580000, 0x00000000d7680000, 0x0000000100000000)
  eden space 25600K, 0% used [0x00000000d5580000,0x00000000d5580000,0x00000000d6e80000)
  from space 4096K, 99% used [0x00000000d7280000,0x00000000d7678700,0x00000000d7680000)
  to   space 4096K, 0% used [0x00000000d6e80000,0x00000000d6e80000,0x00000000d7280000)
 ParOldGen       total 68608K, used 4593K [0x0000000080000000, 0x0000000084300000, 0x00000000d5580000)
  object space 68608K, 6% used [0x0000000080000000,0x000000008047c778,0x0000000084300000)
 Metaspace       used 17209K, committed 17856K, reserved 1114112K
  class space    used 1807K, committed 2112K, reserved 1048576K
}
Event: 2.285 GC heap before
{Heap before GC invocations=5 (full 0):
 PSYoungGen      total 29696K, used 29665K [0x00000000d5580000, 0x00000000d7680000, 0x0000000100000000)
  eden space 25600K, 100% used [0x00000000d5580000,0x00000000d6e80000,0x00000000d6e80000)
  from space 4096K, 99% used [0x00000000d7280000,0x00000000d7678700,0x00000000d7680000)
  to   space 4096K, 0% used [0x00000000d6e80000,0x00000000d6e80000,0x00000000d7280000)
 ParOldGen       total 68608K, used 4593K [0x0000000080000000, 0x0000000084300000, 0x00000000d5580000)
  object space 68608K, 6% used [0x0000000080000000,0x000000008047c778,0x0000000084300000)
 Metaspace       used 20428K, committed 21056K, reserved 1114112K
  class space    used 2026K, committed 2304K, reserved 1048576K
}
Event: 2.288 GC heap after
{Heap after GC invocations=5 (full 0):
 PSYoungGen      total 29184K, used 4083K [0x00000000d5580000, 0x00000000d7800000, 0x0000000100000000)
  eden space 25088K, 0% used [0x00000000d5580000,0x00000000d5580000,0x00000000d6e00000)
  from space 4096K, 99% used [0x00000000d6e80000,0x00000000d727cc40,0x00000000d7280000)
  to   space 5120K, 0% used [0x00000000d7300000,0x00000000d7300000,0x00000000d7800000)
 ParOldGen       total 68608K, used 5124K [0x0000000080000000, 0x0000000084300000, 0x00000000d5580000)
  object space 68608K, 7% used [0x0000000080000000,0x00000000805012f8,0x0000000084300000)
 Metaspace       used 20428K, committed 21056K, reserved 1114112K
  class space    used 2026K, committed 2304K, reserved 1048576K
}
Event: 2.328 GC heap before
{Heap before GC invocations=6 (full 0):
 PSYoungGen      total 29184K, used 9696K [0x00000000d5580000, 0x00000000d7800000, 0x0000000100000000)
  eden space 25088K, 22% used [0x00000000d5580000,0x00000000d5afb628,0x00000000d6e00000)
  from space 4096K, 99% used [0x00000000d6e80000,0x00000000d727cc40,0x00000000d7280000)
  to   space 5120K, 0% used [0x00000000d7300000,0x00000000d7300000,0x00000000d7800000)
 ParOldGen       total 68608K, used 5124K [0x0000000080000000, 0x0000000084300000, 0x00000000d5580000)
  object space 68608K, 7% used [0x0000000080000000,0x00000000805012f8,0x0000000084300000)
 Metaspace       used 20891K, committed 21504K, reserved 1114112K
  class space    used 2064K, committed 2368K, reserved 1048576K
}
Event: 2.331 GC heap after
{Heap after GC invocations=6 (full 0):
 PSYoungGen      total 30208K, used 4523K [0x00000000d5580000, 0x00000000d7800000, 0x0000000100000000)
  eden space 25088K, 0% used [0x00000000d5580000,0x00000000d5580000,0x00000000d6e00000)
  from space 5120K, 88% used [0x00000000d7300000,0x00000000d776ac20,0x00000000d7800000)
  to   space 5120K, 0% used [0x00000000d6e00000,0x00000000d6e00000,0x00000000d7300000)
 ParOldGen       total 68608K, used 5132K [0x0000000080000000, 0x0000000084300000, 0x00000000d5580000)
  object space 68608K, 7% used [0x0000000080000000,0x00000000805032f8,0x0000000084300000)
 Metaspace       used 20891K, committed 21504K, reserved 1114112K
  class space    used 2064K, committed 2368K, reserved 1048576K
}
Event: 2.331 GC heap before
{Heap before GC invocations=7 (full 1):
 PSYoungGen      total 30208K, used 4523K [0x00000000d5580000, 0x00000000d7800000, 0x0000000100000000)
  eden space 25088K, 0% used [0x00000000d5580000,0x00000000d5580000,0x00000000d6e00000)
  from space 5120K, 88% used [0x00000000d7300000,0x00000000d776ac20,0x00000000d7800000)
  to   space 5120K, 0% used [0x00000000d6e00000,0x00000000d6e00000,0x00000000d7300000)
 ParOldGen       total 68608K, used 5132K [0x0000000080000000, 0x0000000084300000, 0x00000000d5580000)
  object space 68608K, 7% used [0x0000000080000000,0x00000000805032f8,0x0000000084300000)
 Metaspace       used 20891K, committed 21504K, reserved 1114112K
  class space    used 2064K, committed 2368K, reserved 1048576K
}
Event: 2.354 GC heap after
{Heap after GC invocations=7 (full 1):
 PSYoungGen      total 30208K, used 0K [0x00000000d5580000, 0x00000000d7800000, 0x0000000100000000)
  eden space 25088K, 0% used [0x00000000d5580000,0x00000000d5580000,0x00000000d6e00000)
  from space 5120K, 0% used [0x00000000d7300000,0x00000000d7300000,0x00000000d7800000)
  to   space 5120K, 0% used [0x00000000d6e00000,0x00000000d6e00000,0x00000000d7300000)
 ParOldGen       total 68608K, used 8939K [0x0000000080000000, 0x0000000084300000, 0x00000000d5580000)
  object space 68608K, 13% used [0x0000000080000000,0x00000000808bad40,0x0000000084300000)
 Metaspace       used 20878K, committed 21504K, reserved 1114112K
  class space    used 2060K, committed 2368K, reserved 1048576K
}

Dll operation events (10 events):
Event: 0.010 Loaded shared library c:\Users\ASUS\.vscode\extensions\redhat.java-1.53.0-win32-x64\jre\21.0.10-win32-x86_64\bin\java.dll
Event: 0.078 Loaded shared library c:\Users\ASUS\.vscode\extensions\redhat.java-1.53.0-win32-x64\jre\21.0.10-win32-x86_64\bin\zip.dll
Event: 0.098 Loaded shared library C:\Users\ASUS\.vscode\extensions\redhat.java-1.53.0-win32-x64\jre\21.0.10-win32-x86_64\bin\instrument.dll
Event: 0.104 Loaded shared library C:\Users\ASUS\.vscode\extensions\redhat.java-1.53.0-win32-x64\jre\21.0.10-win32-x86_64\bin\net.dll
Event: 0.106 Loaded shared library C:\Users\ASUS\.vscode\extensions\redhat.java-1.53.0-win32-x64\jre\21.0.10-win32-x86_64\bin\nio.dll
Event: 0.108 Loaded shared library C:\Users\ASUS\.vscode\extensions\redhat.java-1.53.0-win32-x64\jre\21.0.10-win32-x86_64\bin\zip.dll
Event: 0.123 Loaded shared library C:\Users\ASUS\.vscode\extensions\redhat.java-1.53.0-win32-x64\jre\21.0.10-win32-x86_64\bin\jimage.dll
Event: 0.207 Loaded shared library c:\Users\ASUS\.vscode\extensions\redhat.java-1.53.0-win32-x64\jre\21.0.10-win32-x86_64\bin\verify.dll
Event: 1.147 Loaded shared library C:\Users\ASUS\AppData\Roaming\Code\User\globalStorage\redhat.java\1.53.0\config_ss_win\org.eclipse.equinox.launcher\org.eclipse.equinox.launcher.win32.win32.x86_64_1.3.0.v20260203-2149\eclipse_11919.dll
Event: 1.817 Loaded shared library C:\Users\ASUS\AppData\Local\Temp\jna-2018896\jna17025698010451656269.dll

Deoptimization events (20 events):
Event: 1.977 Thread 0x000001c76348a680 DEOPT PACKING pc=0x000001c75512ab94 sp=0x00000010d42efa00
Event: 1.977 Thread 0x000001c76348a680 DEOPT UNPACKING pc=0x000001c754ae3aa2 sp=0x00000010d42ef9a8 mode 2
Event: 2.037 Thread 0x000001c76348a680 Uncommon trap: trap_request=0xffffff45 fr.pc=0x000001c755150f90 relative=0x0000000000000890
Event: 2.037 Thread 0x000001c76348a680 Uncommon trap: reason=unstable_if action=reinterpret pc=0x000001c755150f90 method=org.lombokweb.asm.ClassReader.readUTF8(I[C)Ljava/lang/String; @ 11 c2
Event: 2.037 Thread 0x000001c76348a680 DEOPT PACKING pc=0x000001c755150f90 sp=0x00000010d42efbf0
Event: 2.037 Thread 0x000001c76348a680 DEOPT UNPACKING pc=0x000001c754ae3aa2 sp=0x00000010d42efbf8 mode 2
Event: 2.285 Thread 0x000001c76348a680 Uncommon trap: trap_request=0xffffff45 fr.pc=0x000001c755169a6c relative=0x000000000000014c
Event: 2.285 Thread 0x000001c76348a680 Uncommon trap: reason=unstable_if action=reinterpret pc=0x000001c755169a6c method=org.lombokweb.asm.ByteVector.putByteArray([BII)Lorg/lombokweb/asm/ByteVector; @ 20 c2
Event: 2.285 Thread 0x000001c76348a680 DEOPT PACKING pc=0x000001c755169a6c sp=0x00000010d42f2d90
Event: 2.285 Thread 0x000001c76348a680 DEOPT UNPACKING pc=0x000001c754ae3aa2 sp=0x00000010d42f2d60 mode 2
Event: 2.285 Thread 0x000001c76348a680 Uncommon trap: trap_request=0xffffff45 fr.pc=0x000001c755167124 relative=0x0000000000000364
Event: 2.285 Thread 0x000001c76348a680 Uncommon trap: reason=unstable_if action=reinterpret pc=0x000001c755167124 method=org.lombokweb.asm.Label.resolve([BLorg/lombokweb/asm/ByteVector;I)Z @ 81 c2
Event: 2.285 Thread 0x000001c76348a680 DEOPT PACKING pc=0x000001c755167124 sp=0x00000010d42f2e20
Event: 2.285 Thread 0x000001c76348a680 DEOPT UNPACKING pc=0x000001c754ae3aa2 sp=0x00000010d42f2d28 mode 2
Event: 2.594 Thread 0x000001c76348a680 DEOPT PACKING pc=0x000001c74d681a26 sp=0x00000010d42f8400
Event: 2.594 Thread 0x000001c76348a680 DEOPT UNPACKING pc=0x000001c754ae4242 sp=0x00000010d42f78f8 mode 0
Event: 2.594 Thread 0x000001c76348a680 DEOPT PACKING pc=0x000001c74d681a26 sp=0x00000010d42f8400
Event: 2.594 Thread 0x000001c76348a680 DEOPT UNPACKING pc=0x000001c754ae4242 sp=0x00000010d42f78f8 mode 0
Event: 2.595 Thread 0x000001c76348a680 DEOPT PACKING pc=0x000001c74d681a26 sp=0x00000010d42f8400
Event: 2.595 Thread 0x000001c76348a680 DEOPT UNPACKING pc=0x000001c754ae4242 sp=0x00000010d42f78f8 mode 0

Classes loaded (20 events):
Event: 2.623 Loading class com/sun/org/apache/xerces/internal/impl/msg/XMLSerializerMessages_en
Event: 2.623 Loading class com/sun/org/apache/xerces/internal/impl/msg/XMLSerializerMessages_en done
Event: 2.623 Loading class com/sun/org/apache/xerces/internal/impl/msg/XMLSerializerMessages_en
Event: 2.623 Loading class com/sun/org/apache/xerces/internal/impl/msg/XMLSerializerMessages_en done
Event: 2.623 Loading class com/sun/org/apache/xerces/internal/impl/msg/XMLSerializerMessages_en_GB
Event: 2.623 Loading class com/sun/org/apache/xerces/internal/impl/msg/XMLSerializerMessages_en_GB done
Event: 2.623 Loading class com/sun/org/apache/xerces/internal/impl/msg/XMLSerializerMessages_en_GB
Event: 2.623 Loading class com/sun/org/apache/xerces/internal/impl/msg/XMLSerializerMessages_en_GB done
Event: 2.623 Loading class com/sun/org/apache/xerces/internal/impl/msg/XMLMessages
Event: 2.623 Loading class com/sun/org/apache/xerces/internal/impl/msg/XMLMessages done
Event: 2.623 Loading class com/sun/org/apache/xerces/internal/impl/msg/XMLMessages
Event: 2.623 Loading class com/sun/org/apache/xerces/internal/impl/msg/XMLMessages done
Event: 2.625 Loading class com/sun/org/apache/xerces/internal/impl/msg/XMLMessages_en
Event: 2.625 Loading class com/sun/org/apache/xerces/internal/impl/msg/XMLMessages_en done
Event: 2.625 Loading class com/sun/org/apache/xerces/internal/impl/msg/XMLMessages_en
Event: 2.625 Loading class com/sun/org/apache/xerces/internal/impl/msg/XMLMessages_en done
Event: 2.625 Loading class com/sun/org/apache/xerces/internal/impl/msg/XMLMessages_en_GB
Event: 2.625 Loading class com/sun/org/apache/xerces/internal/impl/msg/XMLMessages_en_GB done
Event: 2.625 Loading class com/sun/org/apache/xerces/internal/impl/msg/XMLMessages_en_GB
Event: 2.625 Loading class com/sun/org/apache/xerces/internal/impl/msg/XMLMessages_en_GB done

Classes unloaded (7 events):
Event: 2.335 Thread 0x000001c760df2b30 Unloading class 0x000001c701190c00 'java/lang/invoke/LambdaForm$MH+0x000001c701190c00'
Event: 2.335 Thread 0x000001c760df2b30 Unloading class 0x000001c701190800 'java/lang/invoke/LambdaForm$MH+0x000001c701190800'
Event: 2.335 Thread 0x000001c760df2b30 Unloading class 0x000001c701190400 'java/lang/invoke/LambdaForm$MH+0x000001c701190400'
Event: 2.335 Thread 0x000001c760df2b30 Unloading class 0x000001c701190000 'java/lang/invoke/LambdaForm$MH+0x000001c701190000'
Event: 2.335 Thread 0x000001c760df2b30 Unloading class 0x000001c70118fc00 'java/lang/invoke/LambdaForm$BMH+0x000001c70118fc00'
Event: 2.335 Thread 0x000001c760df2b30 Unloading class 0x000001c70118f800 'java/lang/invoke/LambdaForm$DMH+0x000001c70118f800'
Event: 2.335 Thread 0x000001c760df2b30 Unloading class 0x000001c70118e400 'java/lang/invoke/LambdaForm$DMH+0x000001c70118e400'

Classes redefined (0 events):
No events

Internal exceptions (20 events):
Event: 1.874 Thread 0x000001c76348a680 Exception <a 'java/lang/NoSuchMethodError'{0x00000000d65a6f80}: 'java.lang.Object java.lang.invoke.DirectMethodHandle$Holder.invokeSpecial(java.lang.Object, java.lang.Object, java.lang.Object, long, java.lang.Object)'> (0x00000000d65a6f80) 
thrown [s\src\hotspot\share\interpreter\linkResolver.cpp, line 773]
Event: 1.874 Thread 0x000001c76348a680 Exception <a 'java/lang/NoSuchMethodError'{0x00000000d65ae7c8}: 'java.lang.Object java.lang.invoke.DirectMethodHandle$Holder.newInvokeSpecial(java.lang.Object, java.lang.Object, java.lang.Object, long)'> (0x00000000d65ae7c8) 
thrown [s\src\hotspot\share\interpreter\linkResolver.cpp, line 773]
Event: 1.875 Thread 0x000001c76348a680 Exception <a 'java/lang/NoSuchMethodError'{0x00000000d65b2b78}: 'java.lang.Object java.lang.invoke.DirectMethodHandle$Holder.invokeSpecial(java.lang.Object, java.lang.Object, java.lang.Object, java.lang.Object, long)'> (0x00000000d65b2b78) 
thrown [s\src\hotspot\share\interpreter\linkResolver.cpp, line 773]
Event: 1.875 Thread 0x000001c76348a680 Exception <a 'java/lang/NoSuchMethodError'{0x00000000d65b6798}: 'java.lang.Object java.lang.invoke.Invokers$Holder.linkToTargetMethod(java.lang.Object, java.lang.Object, long, java.lang.Object)'> (0x00000000d65b6798) 
thrown [s\src\hotspot\share\interpreter\linkResolver.cpp, line 773]
Event: 1.883 Thread 0x000001c76348a680 Exception <a 'java/lang/NoSuchMethodError'{0x00000000d66284b8}: 'int java.lang.invoke.DirectMethodHandle$Holder.invokeStaticInit(java.lang.Object, java.lang.Object, java.lang.Object)'> (0x00000000d66284b8) 
thrown [s\src\hotspot\share\interpreter\linkResolver.cpp, line 773]
Event: 1.892 Thread 0x000001c76348a680 Exception <a 'java/lang/IncompatibleClassChangeError'{0x00000000d66b8080}: Found class java.lang.Object, but interface was expected> (0x00000000d66b8080) 
thrown [s\src\hotspot\share\interpreter\linkResolver.cpp, line 840]
Event: 1.898 Thread 0x000001c76348a680 Exception <a 'java/lang/NoSuchMethodError'{0x00000000d66ce510}: 'java.lang.Object java.lang.invoke.DirectMethodHandle$Holder.invokeSpecial(java.lang.Object, java.lang.Object, java.lang.Object, int, java.lang.Object, java.lang.Object)'> (0x00000000d66ce510) 
thrown [s\src\hotspot\share\interpreter\linkResolver.cpp, line 773]
Event: 1.898 Thread 0x000001c76348a680 Exception <a 'java/lang/NoSuchMethodError'{0x00000000d66d5fe8}: 'java.lang.Object java.lang.invoke.DirectMethodHandle$Holder.newInvokeSpecial(java.lang.Object, java.lang.Object, java.lang.Object, int, java.lang.Object)'> (0x00000000d66d5fe8) 
thrown [s\src\hotspot\share\interpreter\linkResolver.cpp, line 773]
Event: 1.899 Thread 0x000001c76348a680 Exception <a 'java/lang/NoSuchMethodError'{0x00000000d66d9f68}: 'java.lang.Object java.lang.invoke.DirectMethodHandle$Holder.invokeSpecial(java.lang.Object, java.lang.Object, java.lang.Object, java.lang.Object, int, java.lang.Object)'> (0x00000000d66d9f68) 
thrown [s\src\hotspot\share\interpreter\linkResolver.cpp, line 773]
Event: 1.899 Thread 0x000001c76348a680 Exception <a 'java/lang/NoSuchMethodError'{0x00000000d66ddaa8}: 'java.lang.Object java.lang.invoke.Invokers$Holder.linkToTargetMethod(java.lang.Object, java.lang.Object, int, java.lang.Object, java.lang.Object)'> (0x00000000d66ddaa8) 
thrown [s\src\hotspot\share\interpreter\linkResolver.cpp, line 773]
Event: 1.900 Thread 0x000001c76348c750 Exception <a 'java/lang/NoSuchMethodError'{0x00000000d65dd0c0}: 'java.lang.Object java.lang.invoke.DirectMethodHandle$Holder.invokeSpecial(java.lang.Object, java.lang.Object, int, java.lang.Object, java.lang.Object)'> (0x00000000d65dd0c0) 
thrown [s\src\hotspot\share\interpreter\linkResolver.cpp, line 773]
Event: 1.900 Thread 0x000001c76348c750 Exception <a 'java/lang/NoSuchMethodError'{0x00000000d65e3df8}: 'java.lang.Object java.lang.invoke.DirectMethodHandle$Holder.newInvokeSpecial(java.lang.Object, java.lang.Object, int, java.lang.Object)'> (0x00000000d65e3df8) 
thrown [s\src\hotspot\share\interpreter\linkResolver.cpp, line 773]
Event: 1.901 Thread 0x000001c76348c750 Exception <a 'java/lang/NoSuchMethodError'{0x00000000d65e76d8}: 'java.lang.Object java.lang.invoke.DirectMethodHandle$Holder.invokeSpecial(java.lang.Object, java.lang.Object, java.lang.Object, int, java.lang.Object)'> (0x00000000d65e76d8) 
thrown [s\src\hotspot\share\interpreter\linkResolver.cpp, line 773]
Event: 1.915 Thread 0x000001c76348a680 Exception <a 'java/lang/NoSuchMethodError'{0x00000000d67fc588}: 'void java.lang.invoke.DirectMethodHandle$Holder.invokeSpecial(java.lang.Object, java.lang.Object, java.lang.Object, java.lang.Object, java.lang.Object)'> (0x00000000d67fc588) 
thrown [s\src\hotspot\share\interpreter\linkResolver.cpp, line 773]
Event: 1.954 Thread 0x000001c76348a680 Exception <a 'java/lang/NoSuchMethodError'{0x00000000d6ac3000}: 'double java.lang.invoke.DirectMethodHandle$Holder.invokeStatic(java.lang.Object, java.lang.Object)'> (0x00000000d6ac3000) 
thrown [s\src\hotspot\share\interpreter\linkResolver.cpp, line 773]
Event: 1.955 Thread 0x000001c76348a680 Exception <a 'java/lang/NoSuchMethodError'{0x00000000d6ac66c0}: 'double java.lang.invoke.DirectMethodHandle$Holder.invokeStaticInit(java.lang.Object, java.lang.Object)'> (0x00000000d6ac66c0) 
thrown [s\src\hotspot\share\interpreter\linkResolver.cpp, line 773]
Event: 2.285 Thread 0x000001c76348a680 Implicit null exception at 0x000001c755169975 to 0x000001c755169a50
Event: 2.621 Thread 0x000001c76348a680 Exception <a 'java/lang/ClassNotFoundException'{0x00000000d6c378b8}: com/sun/org/apache/xerces/internal/impl/msg/spi/DOMMessagesProvider> (0x00000000d6c378b8) 
thrown [s\src\hotspot\share\classfile\systemDictionary.cpp, line 312]
Event: 2.623 Thread 0x000001c76348a680 Exception <a 'java/lang/ClassNotFoundException'{0x00000000d6c52b70}: com/sun/org/apache/xerces/internal/impl/msg/spi/XMLSerializerMessagesProvider> (0x00000000d6c52b70) 
thrown [s\src\hotspot\share\classfile\systemDictionary.cpp, line 312]
Event: 2.623 Thread 0x000001c76348a680 Exception <a 'java/lang/ClassNotFoundException'{0x00000000d6c5fe40}: com/sun/org/apache/xerces/internal/impl/msg/spi/XMLMessagesProvider> (0x00000000d6c5fe40) 
thrown [s\src\hotspot\share\classfile\systemDictionary.cpp, line 312]

ZGC Phase Switch (0 events):
No events

VM Operations (20 events):
Event: 1.581 Executing safepoint VM operation: ParallelGCFailedAllocation (Allocation Failure)
Event: 1.585 Executing safepoint VM operation: ParallelGCFailedAllocation (Allocation Failure) done
Event: 1.634 Executing non-safepoint VM operation: HandshakeAllThreads (Deoptimize)
Event: 1.634 Executing non-safepoint VM operation: HandshakeAllThreads (Deoptimize) done
Event: 1.638 Executing non-safepoint VM operation: HandshakeAllThreads (Deoptimize)
Event: 1.639 Executing non-safepoint VM operation: HandshakeAllThreads (Deoptimize) done
Event: 1.652 Executing non-safepoint VM operation: HandshakeAllThreads (Deoptimize)
Event: 1.652 Executing non-safepoint VM operation: HandshakeAllThreads (Deoptimize) done
Event: 1.793 Executing non-safepoint VM operation: HandshakeAllThreads (Deoptimize)
Event: 1.793 Executing non-safepoint VM operation: HandshakeAllThreads (Deoptimize) done
Event: 1.824 Executing non-safepoint VM operation: HandshakeAllThreads (Deoptimize)
Event: 1.824 Executing non-safepoint VM operation: HandshakeAllThreads (Deoptimize) done
Event: 2.013 Executing safepoint VM operation: ParallelGCFailedAllocation (Allocation Failure)
Event: 2.017 Executing safepoint VM operation: ParallelGCFailedAllocation (Allocation Failure) done
Event: 2.285 Executing safepoint VM operation: ParallelGCFailedAllocation (Allocation Failure)
Event: 2.288 Executing safepoint VM operation: ParallelGCFailedAllocation (Allocation Failure) done
Event: 2.328 Executing safepoint VM operation: CollectForMetadataAllocation (Metadata GC Threshold)
Event: 2.354 Executing safepoint VM operation: CollectForMetadataAllocation (Metadata GC Threshold) done
Event: 3.359 Executing safepoint VM operation: Cleanup
Event: 3.359 Executing safepoint VM operation: Cleanup done

Memory protections (0 events):
No events

Nmethod flushes (0 events):
No events

Events (20 events):
Event: 0.039 Thread 0x000001c74a35cce0 Thread added: 0x000001c74a407c60
Event: 0.039 Thread 0x000001c74a35cce0 Thread added: 0x000001c74a40a7d0
Event: 0.039 Thread 0x000001c74a35cce0 Thread added: 0x000001c74a40c790
Event: 0.039 Thread 0x000001c74a35cce0 Thread added: 0x000001c74a411780
Event: 0.039 Thread 0x000001c74a35cce0 Thread added: 0x000001c74a415250
Event: 0.040 Thread 0x000001c74a35cce0 Thread added: 0x000001c7621e8fc0
Event: 0.087 Thread 0x000001c7621e8fc0 Thread added: 0x000001c762314050
Event: 0.100 Thread 0x000001c74a35cce0 Thread added: 0x000001c762392600
Event: 0.307 Thread 0x000001c74a35cce0 Thread added: 0x000001c76255e930
Event: 0.377 Thread 0x000001c762314050 Thread added: 0x000001c7632b3460
Event: 0.951 Thread 0x000001c74a35cce0 Thread added: 0x000001c76348d470
Event: 1.135 Thread 0x000001c74a35cce0 Thread added: 0x000001c76348ad10
Event: 1.139 Thread 0x000001c74a35cce0 Thread added: 0x000001c76348a680
Event: 1.260 Thread 0x000001c76348a680 Thread added: 0x000001c76348ba30
Event: 1.497 Thread 0x000001c76348a680 Thread added: 0x000001c76348b3a0
Event: 1.847 Thread 0x000001c76348a680 Thread added: 0x000001c76348cde0
Event: 1.878 Thread 0x000001c76348a680 Thread added: 0x000001c76348c750
Event: 1.901 Thread 0x000001c76348a680 Thread added: 0x000001c76348c0c0
Event: 2.179 Thread 0x000001c7632b3460 Thread exited: 0x000001c7632b3460
Event: 2.632 Thread 0x000001c76348a680 Thread added: 0x000001c768e26970


Dynamic libraries:
0x00007ff799f80000 - 0x00007ff799f8e000 	c:\Users\ASUS\.vscode\extensions\redhat.java-1.53.0-win32-x64\jre\21.0.10-win32-x86_64\bin\java.exe
0x00007ffaf6220000 - 0x00007ffaf6488000 	C:\WINDOWS\SYSTEM32\ntdll.dll
0x00007ffaf5000000 - 0x00007ffaf50c9000 	C:\WINDOWS\System32\KERNEL32.DLL
0x00007ffaf3830000 - 0x00007ffaf3c21000 	C:\WINDOWS\System32\KERNELBASE.dll
0x00007ffaf2c70000 - 0x00007ffaf2dbb000 	C:\WINDOWS\System32\ucrtbase.dll
0x00007ffab1530000 - 0x00007ffab154e000 	c:\Users\ASUS\.vscode\extensions\redhat.java-1.53.0-win32-x64\jre\21.0.10-win32-x86_64\bin\VCRUNTIME140.dll
0x00007ffaafec0000 - 0x00007ffaafed8000 	c:\Users\ASUS\.vscode\extensions\redhat.java-1.53.0-win32-x64\jre\21.0.10-win32-x86_64\bin\jli.dll
0x00007ffaf5c10000 - 0x00007ffaf5dd6000 	C:\WINDOWS\System32\USER32.dll
0x00007ffaf3c30000 - 0x00007ffaf3c57000 	C:\WINDOWS\System32\win32u.dll
0x00007ffadc670000 - 0x00007ffadc903000 	C:\WINDOWS\WinSxS\amd64_microsoft.windows.common-controls_6595b64144ccf1df_6.0.26100.7824_none_3e0870b2e3345462\COMCTL32.dll
0x00007ffaf3fc0000 - 0x00007ffaf3feb000 	C:\WINDOWS\System32\GDI32.dll
0x00007ffaf5fd0000 - 0x00007ffaf6079000 	C:\WINDOWS\System32\msvcrt.dll
0x00007ffaf3d10000 - 0x00007ffaf3e3b000 	C:\WINDOWS\System32\gdi32full.dll
0x00007ffaf2e80000 - 0x00007ffaf2f23000 	C:\WINDOWS\System32\msvcp_win.dll
0x00007ffaf6110000 - 0x00007ffaf6141000 	C:\WINDOWS\System32\IMM32.DLL
0x00007ffada470000 - 0x00007ffada47c000 	c:\Users\ASUS\.vscode\extensions\redhat.java-1.53.0-win32-x64\jre\21.0.10-win32-x86_64\bin\vcruntime140_1.dll
0x00007ffa98830000 - 0x00007ffa988bd000 	c:\Users\ASUS\.vscode\extensions\redhat.java-1.53.0-win32-x64\jre\21.0.10-win32-x86_64\bin\msvcp140.dll
0x00007ffa55010000 - 0x00007ffa55db1000 	c:\Users\ASUS\.vscode\extensions\redhat.java-1.53.0-win32-x64\jre\21.0.10-win32-x86_64\bin\server\jvm.dll
0x00007ffaf4130000 - 0x00007ffaf41e4000 	C:\WINDOWS\System32\ADVAPI32.dll
0x00007ffaf3ff0000 - 0x00007ffaf4096000 	C:\WINDOWS\System32\sechost.dll
0x00007ffaf50e0000 - 0x00007ffaf51f8000 	C:\WINDOWS\System32\RPCRT4.dll
0x00007ffaf40b0000 - 0x00007ffaf4124000 	C:\WINDOWS\System32\WS2_32.dll
0x00007ffaf2960000 - 0x00007ffaf29be000 	C:\WINDOWS\SYSTEM32\POWRPROF.dll
0x00007ffae7550000 - 0x00007ffae755b000 	C:\WINDOWS\SYSTEM32\VERSION.dll
0x00007ffae7510000 - 0x00007ffae7545000 	C:\WINDOWS\SYSTEM32\WINMM.dll
0x00007ffaf2940000 - 0x00007ffaf2954000 	C:\WINDOWS\SYSTEM32\UMPDC.dll
0x00007ffaf18a0000 - 0x00007ffaf18bb000 	C:\WINDOWS\SYSTEM32\kernel.appcore.dll
0x00007ffad66f0000 - 0x00007ffad66fa000 	c:\Users\ASUS\.vscode\extensions\redhat.java-1.53.0-win32-x64\jre\21.0.10-win32-x86_64\bin\jimage.dll
0x00007ffae6570000 - 0x00007ffae67b2000 	C:\WINDOWS\SYSTEM32\DBGHELP.DLL
0x00007ffaf4bf0000 - 0x00007ffaf4f76000 	C:\WINDOWS\System32\combase.dll
0x00007ffaf57d0000 - 0x00007ffaf58a7000 	C:\WINDOWS\System32\OLEAUT32.dll
0x00007ffad6bf0000 - 0x00007ffad6c2b000 	C:\WINDOWS\SYSTEM32\dbgcore.DLL
0x00007ffaf3c60000 - 0x00007ffaf3d05000 	C:\WINDOWS\System32\bcryptPrimitives.dll
0x00007ffacba20000 - 0x00007ffacba2f000 	c:\Users\ASUS\.vscode\extensions\redhat.java-1.53.0-win32-x64\jre\21.0.10-win32-x86_64\bin\instrument.dll
0x00007ffaafa00000 - 0x00007ffaafa20000 	c:\Users\ASUS\.vscode\extensions\redhat.java-1.53.0-win32-x64\jre\21.0.10-win32-x86_64\bin\java.dll
0x00007ffaf4490000 - 0x00007ffaf4be2000 	C:\WINDOWS\System32\SHELL32.dll
0x00007ffaf2b00000 - 0x00007ffaf2c6a000 	C:\WINDOWS\System32\wintypes.dll
0x00007ffaf2fc0000 - 0x00007ffaf3823000 	C:\WINDOWS\System32\windows.storage.dll
0x00007ffaf41f0000 - 0x00007ffaf42e6000 	C:\WINDOWS\System32\SHCORE.dll
0x00007ffaf52d0000 - 0x00007ffaf5337000 	C:\WINDOWS\System32\shlwapi.dll
0x00007ffaf2a20000 - 0x00007ffaf2a49000 	C:\WINDOWS\SYSTEM32\profapi.dll
0x00007ffab4950000 - 0x00007ffab4968000 	c:\Users\ASUS\.vscode\extensions\redhat.java-1.53.0-win32-x64\jre\21.0.10-win32-x86_64\bin\zip.dll
0x00007ffad6540000 - 0x00007ffad6550000 	C:\Users\ASUS\.vscode\extensions\redhat.java-1.53.0-win32-x64\jre\21.0.10-win32-x86_64\bin\net.dll
0x00007ffaed7e0000 - 0x00007ffaed907000 	C:\WINDOWS\SYSTEM32\WINHTTP.dll
0x00007ffaf1e10000 - 0x00007ffaf1e7b000 	C:\WINDOWS\system32\mswsock.dll
0x00007ffaaf6f0000 - 0x00007ffaaf706000 	C:\Users\ASUS\.vscode\extensions\redhat.java-1.53.0-win32-x64\jre\21.0.10-win32-x86_64\bin\nio.dll
0x00007ffacd5d0000 - 0x00007ffacd5e0000 	c:\Users\ASUS\.vscode\extensions\redhat.java-1.53.0-win32-x64\jre\21.0.10-win32-x86_64\bin\verify.dll
0x00007ffaadcf0000 - 0x00007ffaadd35000 	C:\Users\ASUS\AppData\Roaming\Code\User\globalStorage\redhat.java\1.53.0\config_ss_win\org.eclipse.equinox.launcher\org.eclipse.equinox.launcher.win32.win32.x86_64_1.3.0.v20260203-2149\eclipse_11919.dll
0x00007ffaf42f0000 - 0x00007ffaf4487000 	C:\WINDOWS\System32\ole32.dll
0x00007ffaf20e0000 - 0x00007ffaf20fb000 	C:\WINDOWS\SYSTEM32\CRYPTSP.dll
0x00007ffaf1800000 - 0x00007ffaf1839000 	C:\WINDOWS\system32\rsaenh.dll
0x00007ffaf1ec0000 - 0x00007ffaf1eeb000 	C:\WINDOWS\SYSTEM32\USERENV.dll
0x00007ffaf29f0000 - 0x00007ffaf2a1a000 	C:\WINDOWS\SYSTEM32\bcrypt.dll
0x00007ffaf2100000 - 0x00007ffaf210c000 	C:\WINDOWS\SYSTEM32\CRYPTBASE.dll
0x00007ffaf1280000 - 0x00007ffaf12b4000 	C:\WINDOWS\SYSTEM32\IPHLPAPI.DLL
0x00007ffaf40a0000 - 0x00007ffaf40aa000 	C:\WINDOWS\System32\NSI.dll
0x00007ffaad4e0000 - 0x00007ffaad529000 	C:\Users\ASUS\AppData\Local\Temp\jna-2018896\jna17025698010451656269.dll
0x00007ffaf50d0000 - 0x00007ffaf50d8000 	C:\WINDOWS\System32\PSAPI.DLL

JVMTI agents:
c:\Users\ASUS\.vscode\extensions\redhat.java-1.53.0-win32-x64\lombok\lombok-1.18.39-4050.jar path:c:\Users\ASUS\.vscode\extensions\redhat.java-1.53.0-win32-x64\jre\21.0.10-win32-x86_64\bin\instrument.dll, loaded, initialized, instrumentlib options:none

dbghelp: loaded successfully - version: 4.0.5 - missing functions: none
symbol engine: initialized successfully - sym options: 0x614 - pdb path: .;c:\Users\ASUS\.vscode\extensions\redhat.java-1.53.0-win32-x64\jre\21.0.10-win32-x86_64\bin;C:\WINDOWS\SYSTEM32;C:\WINDOWS\WinSxS\amd64_microsoft.windows.common-controls_6595b64144ccf1df_6.0.26100.7824_none_3e0870b2e3345462;c:\Users\ASUS\.vscode\extensions\redhat.java-1.53.0-win32-x64\jre\21.0.10-win32-x86_64\bin\server;C:\Users\ASUS\AppData\Roaming\Code\User\globalStorage\redhat.java\1.53.0\config_ss_win\org.eclipse.equinox.launcher\org.eclipse.equinox.launcher.win32.win32.x86_64_1.3.0.v20260203-2149;C:\Users\ASUS\AppData\Local\Temp\jna-2018896

VM Arguments:
jvm_args: --add-modules=ALL-SYSTEM --add-opens=java.base/java.util=ALL-UNNAMED --add-opens=java.base/java.lang=ALL-UNNAMED --add-opens=java.base/sun.nio.fs=ALL-UNNAMED -Declipse.application=org.eclipse.jdt.ls.core.id1 -Dosgi.bundles.defaultStartLevel=4 -Declipse.product=org.eclipse.jdt.ls.core.product -Djava.import.generatesMetadataFilesAtProjectRoot=false -DDetectVMInstallationsJob.disabled=true -Dfile.encoding=utf8 -XX:+UseParallelGC -XX:GCTimeRatio=4 -XX:AdaptiveSizePolicyWeight=90 -Dsun.zip.disableMemoryMapping=true -Xmx2G -Xms100m -Xlog:disable -javaagent:c:\Users\ASUS\.vscode\extensions\redhat.java-1.53.0-win32-x64\lombok\lombok-1.18.39-4050.jar 
java_command: c:\Users\ASUS\.vscode\extensions\redhat.java-1.53.0-win32-x64\server\plugins\org.eclipse.equinox.launcher_1.7.100.v20251111-0406.jar -configuration c:\Users\ASUS\AppData\Roaming\Code\User\globalStorage\redhat.java\1.53.0\config_ss_win -data c:\Users\ASUS\AppData\Roaming\Code\User\workspaceStorage\21a058d331209224de0717dc1930af0f\redhat.java\ss_ws --pipe=\\.\pipe\lsp-b75d2d95050618571d016c14b993d8fa-sock
java_class_path (initial): c:\Users\ASUS\.vscode\extensions\redhat.java-1.53.0-win32-x64\server\plugins\org.eclipse.equinox.launcher_1.7.100.v20251111-0406.jar
Launcher Type: SUN_STANDARD

[Global flags]
    uintx AdaptiveSizePolicyWeight                 = 90                                        {product} {command line}
     intx CICompilerCount                          = 4                                         {product} {ergonomic}
    uintx GCTimeRatio                              = 4                                         {product} {command line}
   size_t InitialHeapSize                          = 104857600                                 {product} {command line}
   size_t MaxHeapSize                              = 2147483648                                {product} {command line}
   size_t MaxNewSize                               = 715653120                                 {product} {ergonomic}
   size_t MinHeapDeltaBytes                        = 524288                                    {product} {ergonomic}
   size_t MinHeapSize                              = 104857600                                 {product} {command line}
   size_t NewSize                                  = 34603008                                  {product} {ergonomic}
    uintx NonNMethodCodeHeapSize                   = 5839372                                {pd product} {ergonomic}
    uintx NonProfiledCodeHeapSize                  = 122909434                              {pd product} {ergonomic}
   size_t OldSize                                  = 70254592                                  {product} {ergonomic}
    uintx ProfiledCodeHeapSize                     = 122909434                              {pd product} {ergonomic}
    uintx ReservedCodeCacheSize                    = 251658240                              {pd product} {ergonomic}
     bool SegmentedCodeCache                       = true                                      {product} {ergonomic}
   size_t SoftMaxHeapSize                          = 2147483648                             {manageable} {ergonomic}
     bool UseCompressedOops                        = true                           {product lp64_product} {ergonomic}
     bool UseLargePagesIndividualAllocation        = false                                  {pd product} {ergonomic}
     bool UseParallelGC                            = true                                      {product} {command line}

Logging:
Log output configuration:
 #0: stdout all=off uptime,level,tags foldmultilines=false
 #1: stderr all=off uptime,level,tags foldmultilines=false

Release file:
JAVA_VERSION="21.0.10" 
MODULES="java.base java.compiler java.datatransfer java.xml java.prefs java.desktop java.instrument java.logging java.management java.security.sasl java.naming java.rmi java.management.rmi java.net.http java.scripting java.security.jgss java.transaction.xa java.sql java.sql.rowset java.xml.crypto java.se java.smartcardio jdk.accessibility jdk.internal.jvmstat jdk.attach jdk.charsets jdk.internal.opt jdk.zipfs jdk.compiler jdk.crypto.ec jdk.crypto.cryptoki jdk.crypto.mscapi jdk.dynalink jdk.internal.ed jdk.editpad jdk.hotspot.agent jdk.httpserver jdk.internal.le jdk.internal.vm.ci jdk.internal.vm.compiler jdk.internal.vm.compiler.management jdk.jartool jdk.javadoc jdk.jcmd jdk.management jdk.management.agent jdk.jconsole jdk.jdeps jdk.jdwp.agent jdk.jdi jdk.jfr jdk.jshell jdk.jsobject jdk.jstatd jdk.localedata jdk.management.jfr jdk.naming.dns jdk.naming.rmi jdk.net jdk.nio.mapmode jdk.random jdk.sctp jdk.security.auth jdk.security.jgss jdk.unsupported jdk.unsupported.desktop jdk.xml.dom" 

Environment Variables:
JAVA_HOME=C:\Program Files\Java\jdk-21.0.10
PATH=C:\Program Files\Eclipse Adoptium\jdk-21.0.10.7-hotspot\bin;C:\Program Files\Microsoft MPI\Bin\;C:\Program Files\Common Files\Oracle\Java\javapath;C:\WINDOWS\system32;C:\WINDOWS;C:\WINDOWS\System32\Wbem;C:\WINDOWS\System32\WindowsPowerShell\v1.0\;C:\WINDOWS\System32\OpenSSH\;C:\Program Files (x86)\NVIDIA Corporation\PhysX\Common;C:\Program Files\nodejs\;C:\Program Files\NVIDIA Corporation\NVIDIA App\NvDLISR;C:\Program Files\Git\cmd;C:\Program Files\Microsoft SQL Server\170\Tools\Binn\;C:\Program Files\Microsoft SQL Server\150\Tools\Binn\;C:\Program Files\Microsoft SQL Server\Client SDK\ODBC\170\Tools\Binn\;C:\Program Files\dotnet\;C:\Program Files\Java\jdk-21.0.10\bin;C:\Program Files\Microsoft MPI\Bin\;C:\Program Files\Common Files\Oracle\Java\javapath;C:\WINDOWS\system32;C:\WINDOWS;C:\WINDOWS\System32\Wbem;C:\WINDOWS\System32\WindowsPowerShell\v1.0\;C:\WINDOWS\System32\OpenSSH\;C:\Program Files (x86)\NVIDIA Corporation\PhysX\Common;C:\Program Files\nodejs\;C:\Program Files\NVIDIA Corporation\NVIDIA App\NvDLISR;C:\Program Files\Git\cmd;C:\Program Files\Microsoft SQL Server\170\Tools\Binn\;C:\Program Files\Microsoft SQL Server\150\Tools\Binn\;C:\Program Files\Microsoft SQL Server\Client SDK\ODBC\170\Tools\Binn\;C:\Program Files\dotnet\;C:\Users\ASUS\AppData\Local\Programs\Python\Python313\Scripts\;C:\Users\ASUS\AppData\Local\Programs\Python\Python313\;C:\Users\ASUS\AppData\Local\Microsoft\WindowsApps;C:\Users\ASUS\AppData\Local\Programs\Microsoft VS Code\bin;C:\Users\ASUS\AppData\Local\GitHubDesktop\bin;C:\Users\ASUS\AppData\Roaming\npm;D:\Pro_Test\stripe;C:\Users\ASUS\.dotnet\tools;C:\Users\ASUS\AppData\Local\JetBrains\Toolbox\scripts
USERNAME=ASUS
OS=Windows_NT
PROCESSOR_IDENTIFIER=AMD64 Family 25 Model 68 Stepping 1, AuthenticAMD
TMP=C:\Users\ASUS\AppData\Local\Temp
TEMP=C:\Users\ASUS\AppData\Local\Temp




Periodic native trim disabled

---------------  S Y S T E M  ---------------

OS:
 Windows 11 , 64 bit Build 26100 (10.0.26100.7705)
OS uptime: 0 days 8:58 hours

CPU: total 12 (initial active 12) (12 cores per cpu, 2 threads per core) family 25 model 68 stepping 1 microcode 0xa404107, cx8, cmov, fxsr, ht, mmx, 3dnowpref, sse, sse2, sse3, ssse3, sse4a, sse4.1, sse4.2, popcnt, lzcnt, tsc, tscinvbit, avx, avx2, aes, erms, clmul, bmi1, bmi2, adx, sha, fma, vzeroupper, clflush, clflushopt, rdtscp, rdpid, fsrm, f16c, pku, cet_ss
Processor Information for processor 0
  Max Mhz: 3301, Current Mhz: 3301, Mhz Limit: 3301
Processor Information for processor 1
  Max Mhz: 3301, Current Mhz: 3301, Mhz Limit: 3301
Processor Information for processor 2
  Max Mhz: 3301, Current Mhz: 3301, Mhz Limit: 3301
Processor Information for processor 3
  Max Mhz: 3301, Current Mhz: 2024, Mhz Limit: 3301
Processor Information for processor 4
  Max Mhz: 3301, Current Mhz: 2024, Mhz Limit: 3301
Processor Information for processor 5
  Max Mhz: 3301, Current Mhz: 2024, Mhz Limit: 3301
Processor Information for processor 6
  Max Mhz: 3301, Current Mhz: 3301, Mhz Limit: 3301
Processor Information for processor 7
  Max Mhz: 3301, Current Mhz: 2024, Mhz Limit: 3301
Processor Information for processor 8
  Max Mhz: 3301, Current Mhz: 3301, Mhz Limit: 3301
Processor Information for processor 9
  Max Mhz: 3301, Current Mhz: 2024, Mhz Limit: 3301
Processor Information for processor 10
  Max Mhz: 3301, Current Mhz: 2024, Mhz Limit: 3301
Processor Information for processor 11
  Max Mhz: 3301, Current Mhz: 2024, Mhz Limit: 3301

Memory: 4k page, system-wide physical 15690M (2143M free)
TotalPageFile size 19786M (AvailPageFile size 136M)
current process WorkingSet (physical memory assigned to process): 146M, peak: 148M
current process commit charge ("private bytes"): 285M, peak: 289M

vm_info: OpenJDK 64-Bit Server VM (21.0.10+7-LTS) for windows-amd64 JRE (21.0.10+7-LTS), built on 2026-01-20T00:00:00Z by "admin" with MS VC++ 17.12 (VS2022)

END.
